Diagnose log at 2023-12-26T17:02:00Z

AppPath: C:\Program Files\Git\mingw64\bin\git-credential-manager.exe
InstallDir: C:\Program Files\Git\mingw64\bin\
Version: 2.4.1

------------
Diagnostic: Environment
Skipped: False
Success: True
Exception: None
Log:
OSType: Windows
OSVersion: 10.0 (build 19045)
Reading environment variables... OK
 Variables:
HOMEPATH=\Users\HP
DriverData=C:\Windows\System32\Drivers\DriverData
COMPUTERNAME=AKASH-PERSONAL-
MSYSTEM=MINGW64
CommonProgramFiles(x86)=C:\Program Files (x86)\Common Files
OneDrive=C:\Users\HP\OneDrive
ProgramFiles(x86)=C:\Program Files (x86)
CONFIG_SITE=C:/Program Files/Git/etc/config.site
LC_CTYPE=en_US.UTF-8
USERDOMAIN=AKASH-PERSONAL-
PATHEXT=.COM;.EXE;.BAT;.CMD;.VBS;.VBE;.JS;.JSE;.WSF;.WSH;.MSC
ORIGINAL_TEMP=C:/Users/HP/AppData/Local/Temp
MINGW_PREFIX=C:/Program Files/Git/mingw64
GIT_EXEC_PATH=C:/Program Files/Git/mingw64/libexec/git-core
ACLOCAL_PATH=C:\Program Files\Git\mingw64\share\aclocal;C:\Program Files\Git\usr\share\aclocal
TEMP=C:\Users\HP\AppData\Local\Temp
LOCALAPPDATA=C:\Users\HP\AppData\Local
MANPATH=C:\Program Files\Git\mingw64\local\man;C:\Program Files\Git\mingw64\share\man;C:\Program Files\Git\usr\local\man;C:\Program Files\Git\usr\share\man;C:\Program Files\Git\usr\man;C:\Program Files\Git\share\man
TERM=xterm
PROCESSOR_IDENTIFIER=Intel64 Family 6 Model 78 Stepping 3, GenuineIntel
MSYSTEM_CARCH=x86_64
PROGRAMFILES=C:\Program Files (x86)
ProgramData=C:\ProgramData
TERM_PROGRAM_VERSION=3.7.0
ORIGINAL_TMP=C:/Users/HP/AppData/Local/Temp
PROCESSOR_REVISION=4e03
SYSTEMROOT=C:\Windows
TERM_PROGRAM=mintty
PROCESSOR_LEVEL=6
NUMBER_OF_PROCESSORS=4
SSH_ASKPASS=C:/Program Files/Git/mingw64/bin/git-askpass.exe
SHLVL=1
APPDATA=C:\Users\HP\AppData\Roaming
SYSTEMDRIVE=C:
PSModulePath=C:\Program Files\WindowsPowerShell\Modules;C:\Windows\system32\WindowsPowerShell\v1.0\Modules
PUBLIC=C:\Users\Public
HOSTNAME=Akash-Personal-PC
PKG_CONFIG_PATH=C:\Program Files\Git\mingw64\lib\pkgconfig;C:\Program Files\Git\mingw64\share\pkgconfig
MSYSTEM_CHOST=x86_64-w64-mingw32
WINDIR=C:\Windows
PLINK_PROTOCOL=ssh
INFOPATH=C:\Program Files\Git\mingw64\local\info;C:\Program Files\Git\mingw64\share\info;C:\Program Files\Git\usr\local\info;C:\Program Files\Git\usr\share\info;C:\Program Files\Git\usr\info;C:\Program Files\Git\share\info
MSYS=disable_pcon
PATH=C:/Program Files/Git/mingw64/libexec/git-core;C:\Users\HP\bin;C:\Program Files\Git\mingw64\bin;C:\Program Files\Git\usr\local\bin;C:\Program Files\Git\usr\bin;C:\Program Files\Git\usr\bin;C:\Program Files\Git\mingw64\bin;C:\Program Files\Git\usr\bin;C:\Users\HP\bin;C:\Windows\system32;C:\Windows;C:\Windows\System32\Wbem;C:\Windows\System32\WindowsPowerShell\v1.0;C:\Windows\System32\OpenSSH;C:\Users\HP\AppData\Roaming\npm;%NVM_HOME%;%NVM_SYMLINK%;C:\Program Files\Git\cmd;C:\Users\HP\AppData\Local\Microsoft\WindowsApps;C:\Users\HP\AppData\Local\Programs\Microsoft VS Code\bin;C:\Users\HP\AppData\Roaming\npm;C:\Users\HP\AppData\Roaming\nvm;C:\Program Files\nodejs;C:\Program Files\Git\usr\bin\vendor_perl;C:\Program Files\Git\usr\bin\core_perl
MINGW_CHOST=x86_64-w64-mingw32
GIT_TRACE2_PARENT_SID=ac971c2b-b314-48f5-8804-4334cba0fd40
PKG_CONFIG_SYSTEM_LIBRARY_PATH=C:/Program Files/Git/mingw64/lib
TMPDIR=C:\Users\HP\AppData\Local\Temp
TMP=C:\Users\HP\AppData\Local\Temp
NVM_SYMLINK=C:\Program Files\nodejs
NVM_HOME=C:\Users\HP\AppData\Roaming\nvm
SHELL=C:\Program Files\Git\usr\bin\bash.exe
HOME=C:\Users\HP
COMSPEC=C:\Windows\system32\cmd.exe
ZES_ENABLE_SYSMAN=1
LOGONSERVER=\\AKASH-PERSONAL-
USERPROFILE=C:\Users\HP
DISPLAY=needs-to-be-defined
COMMONPROGRAMFILES=C:\Program Files (x86)\Common Files
USERDOMAIN_ROAMINGPROFILE=AKASH-PERSONAL-
CommonProgramW6432=C:\Program Files\Common Files
HOMEDRIVE=C:
MSYSTEM_PREFIX=C:/Program Files/Git/mingw64
MINGW_PACKAGE_PREFIX=mingw-w64-x86_64
SESSIONNAME=Console
PWD=E:/Akash/Learning/Angular/NEW/festive-shop-FE
EXEPATH=C:\Program Files\Git
USERNAME=HP
PROCESSOR_ARCHITEW6432=AMD64
ORIGINAL_PATH=C:\Program Files\Git\mingw64\bin;C:\Program Files\Git\usr\bin;C:\Users\HP\bin;C:\Windows\system32;C:\Windows;C:\Windows\System32\Wbem;C:\Windows\System32\WindowsPowerShell\v1.0;C:\Windows\System32\OpenSSH;C:\Users\HP\AppData\Roaming\npm;%NVM_HOME%;%NVM_SYMLINK%;C:\Program Files\Git\cmd;C:\Users\HP\AppData\Local\Microsoft\WindowsApps;C:\Users\HP\AppData\Local\Programs\Microsoft VS Code\bin;C:\Users\HP\AppData\Roaming\npm;C:\Users\HP\AppData\Roaming\nvm;C:\Program Files\nodejs
PROCESSOR_ARCHITECTURE=x86
PS1=\[\033]0;$TITLEPREFIX:$PWD\007\]\n\[\033[32m\]\u@\h \[\033[35m\]$MSYSTEM \[\033[33m\]\w\[\033[36m\]`__git_ps1`\[\033[0m\]\n$ 
OS=Windows_NT
ProgramW6432=C:\Program Files
PKG_CONFIG_SYSTEM_INCLUDE_PATH=C:/Program Files/Git/mingw64/include
_=C:/Program Files/Git/mingw64/bin/git
ALLUSERSPROFILE=C:\ProgramData


------------
Diagnostic: File system
Skipped: False
Success: True
Exception: None
Log:
Temporary directory is 'C:\Users\HP\AppData\Local\Temp\'...
Checking basic file I/O...
Writing to temporary file 'C:\Users\HP\AppData\Local\Temp\a4d14395838db44b0b2ccf91'... OK
Reading from temporary file 'C:\Users\HP\AppData\Local\Temp\a4d14395838db44b0b2ccf91'... OK
Deleting temporary file 'C:\Users\HP\AppData\Local\Temp\a4d14395838db44b0b2ccf91'... OK
Testing IFileSystem instance...
UserHomePath: C:\Users\HP
UserDataDirectoryPath: C:\Users\HP\.gcm
GetCurrentDirectory(): E:\Akash\Learning\Angular\NEW\festive-shop-FE

------------
Diagnostic: Networking
Skipped: False
Success: True
Exception: None
Log:
Checking networking and HTTP stack...
Creating HTTP client... OK
IsNetworkAvailable: True
Sending HEAD request to http://example.com...Sending HEAD request to https://example.com... OK
 OK
Acquiring free TCP port... OK
Testing local HTTP loopback connections...
Creating new HTTP listener for http://localhost:51911/... OK
Waiting for loopback connection... OK
Writing response... OK
Waiting for response data... OK
Loopback connection data OK

------------
Diagnostic: Git
Skipped: False
Success: True
Exception: None
Log:
Getting Git version... OK
Git version is '2.43.0.windows.1'
Locating current repository... OK
Git repository at 'E:/Akash/Learning/Angular/NEW/festive-shop-FE/.git'
Listing all Git configuration... OK
Git configuration:
file:C:/Program Files/Git/etc/gitconfig	diff.astextplain.textconv=astextplain
file:C:/Program Files/Git/etc/gitconfig	filter.lfs.clean=git-lfs clean -- %f
file:C:/Program Files/Git/etc/gitconfig	filter.lfs.smudge=git-lfs smudge -- %f
file:C:/Program Files/Git/etc/gitconfig	filter.lfs.process=git-lfs filter-process
file:C:/Program Files/Git/etc/gitconfig	filter.lfs.required=true
file:C:/Program Files/Git/etc/gitconfig	http.sslbackend=openssl
file:C:/Program Files/Git/etc/gitconfig	http.sslcainfo=C:/Program Files/Git/mingw64/etc/ssl/certs/ca-bundle.crt
file:C:/Program Files/Git/etc/gitconfig	core.autocrlf=true
file:C:/Program Files/Git/etc/gitconfig	core.fscache=true
file:C:/Program Files/Git/etc/gitconfig	core.symlinks=false
file:C:/Program Files/Git/etc/gitconfig	pull.rebase=false
file:C:/Program Files/Git/etc/gitconfig	credential.helper=manager
file:C:/Program Files/Git/etc/gitconfig	credential.https://dev.azure.com.usehttppath=true
file:C:/Program Files/Git/etc/gitconfig	init.defaultbranch=master
file:C:/Users/HP/.gitconfig	user.email=shukla0akash@gmail.com
file:C:/Users/HP/.gitconfig	user.name=unfolded-world
file:.git/config	core.repositoryformatversion=0
file:.git/config	core.filemode=false
file:.git/config	core.bare=false
file:.git/config	core.logallrefupdates=true
file:.git/config	core.symlinks=false
file:.git/config	core.ignorecase=true
file:.git/config	remote.origin.url=https://github.com/unfolded-world/festive-shop-FE
file:.git/config	remote.origin.fetch=+refs/heads/*:refs/remotes/origin/*
file:.git/config	user.email=shukla0akash@gmail.com
file:.git/config	user.name=unfolded-world


------------
Diagnostic: Credential storage
Skipped: False
Success: True
Exception: None
Log:
ICredentialStore instance is of type: CredentialStore
Writing test credential... OK
Reading test credential... OK
Deleting test credential... OK

------------
Diagnostic: Microsoft authentication (AAD/MSA)
Skipped: False
Success: True
Exception: None
Log:
Broker is not enabled.
Flow type is: Auto
Gathering MSAL token cache data... OK
CacheDirectory: C:\Users\HP\AppData\Local\.IdentityService
CacheFileName: msal.cache
CacheFilePath: C:\Users\HP\AppData\Local\.IdentityService\msal.cache
Creating cache helper... OK
Verifying MSAL token cache persistence... OK

------------
Diagnostic: GitHub API
Skipped: False
Success: True
Exception: None
Log:
Using 'https://github.com/' as API target.
Querying '/meta' endpoint... OK

